This is XeTeX, Version 3.14159265-2.6-0.99999 (MiKTeX 2.9.6840 64-bit) (preloaded format=xelatex 2018.11.7)  24 FEB 2021 02:53
entering extended mode
**./sphinx.tex
(sphinx.tex
LaTeX2e <2018-04-01> patch level 5
(sphinxmanual.cls
Document Class: sphinxmanual 2019/12/01 v2.3.0 Document class (Sphinx manual)

("C:\Users\sakul_bp6myy0\AppData\Local\Programs\MiKTeX 2.9\tex\latex\base\repor
t.cls"
Document Class: report 2014/09/29 v1.4h Standard LaTeX document class

("C:\Users\sakul_bp6myy0\AppData\Local\Programs\MiKTeX 2.9\tex\latex\base\size1
2.clo"
File: size12.clo 2014/09/29 v1.4h Standard LaTeX file (size option)
)
\c@part=\count80
\c@chapter=\count81
\c@section=\count82
\c@subsection=\count83
\c@subsubsection=\count84
\c@paragraph=\count85
\c@subparagraph=\count86
\c@figure=\count87
\c@table=\count88
\abovecaptionskip=\skip41
\belowcaptionskip=\skip42
\bibindent=\dimen102
)
LaTeX Info: Redefining \and on input line 35.
)
\sphinxpxdimen=\dimen103

("C:\Users\sakul_bp6myy0\AppData\Local\Programs\MiKTeX 2.9\tex\latex\cmap\cmap.
sty"
Package: cmap 2008/03/06 v1.0h CMap support: searchable PDF


Package cmap Warning: pdftex not detected - exiting.

)
("C:\Users\sakul_bp6myy0\AppData\Local\Programs\MiKTeX 2.9\tex\latex\fontspec\f
ontspec.sty"
("C:\Users\sakul_bp6myy0\AppData\Local\Programs\MiKTeX 2.9\tex\latex\l3packages
\xparse\xparse.sty"
("C:\Users\sakul_bp6myy0\AppData\Local\Programs\MiKTeX 2.9\tex\latex\l3kernel\e
xpl3.sty"
Package: expl3 2020-10-27 L3 programming layer (loader) 

("C:\Users\sakul_bp6myy0\AppData\Local\Programs\MiKTeX 2.9\tex\latex\l3kernel\e
xpl3-code.tex"
Package: expl3 2020-10-27 L3 programming layer (code)
\c_max_int=\count89
\l_tmpa_int=\count90
\l_tmpb_int=\count91
\g_tmpa_int=\count92
\g_tmpb_int=\count93
\l__seq_internal_a_int=\count94
\l__seq_internal_b_int=\count95
\g__kernel_prg_map_int=\count96
\c__ior_term_noprompt_ior=\count97
\c_log_iow=\count98
\l_iow_line_count_int=\count99
\l__iow_line_target_int=\count100
\l__iow_one_indent_int=\count101
\l__iow_indent_int=\count102
\g__file_internal_ior=\read1
\c_zero_dim=\dimen104
\c_max_dim=\dimen105
\l_tmpa_dim=\dimen106
\l_tmpb_dim=\dimen107
\g_tmpa_dim=\dimen108
\g_tmpb_dim=\dimen109
\c_zero_skip=\skip43
\c_max_skip=\skip44
\l_tmpa_skip=\skip45
\l_tmpb_skip=\skip46
\g_tmpa_skip=\skip47
\g_tmpb_skip=\skip48
\c_zero_muskip=\muskip10
\c_max_muskip=\muskip11
\l_tmpa_muskip=\muskip12
\l_tmpb_muskip=\muskip13
\g_tmpa_muskip=\muskip14
\g_tmpb_muskip=\muskip15
\l_keys_choice_int=\count103
\l__intarray_loop_int=\count104
\c__intarray_sp_dim=\dimen110
\g__intarray_font_int=\count105
\c__fp_leading_shift_int=\count106
\c__fp_middle_shift_int=\count107
\c__fp_trailing_shift_int=\count108
\c__fp_big_leading_shift_int=\count109
\c__fp_big_middle_shift_int=\count110
\c__fp_big_trailing_shift_int=\count111
\c__fp_Bigg_leading_shift_int=\count112
\c__fp_Bigg_middle_shift_int=\count113
\c__fp_Bigg_trailing_shift_int=\count114
\g__fp_array_int=\count115
\l__fp_array_loop_int=\count116
\g__cctab_allocate_int=\count117
\l__sort_length_int=\count118
\l__sort_min_int=\count119
\l__sort_top_int=\count120
\l__sort_max_int=\count121
\l__sort_true_max_int=\count122
\l__sort_block_int=\count123
\l__sort_begin_int=\count124
\l__sort_end_int=\count125
\l__sort_A_int=\count126
\l__sort_B_int=\count127
\l__sort_C_int=\count128
\l__str_modulo_int=\count129
\l__tl_analysis_normal_int=\count130
\l__tl_analysis_index_int=\count131
\l__tl_analysis_nesting_int=\count132
\l__tl_analysis_type_int=\count133
\l__regex_internal_a_int=\count134
\l__regex_internal_b_int=\count135
\l__regex_internal_c_int=\count136
\l__regex_balance_int=\count137
\l__regex_group_level_int=\count138
\l__regex_mode_int=\count139
\c__regex_cs_in_class_mode_int=\count140
\c__regex_cs_mode_int=\count141
\l__regex_catcodes_int=\count142
\l__regex_default_catcodes_int=\count143
\c__regex_catcode_L_int=\count144
\c__regex_catcode_O_int=\count145
\c__regex_catcode_A_int=\count146
\c__regex_all_catcodes_int=\count147
\l__regex_show_lines_int=\count148
\l__regex_min_state_int=\count149
\l__regex_max_state_int=\count150
\l__regex_left_state_int=\count151
\l__regex_right_state_int=\count152
\l__regex_capturing_group_int=\count153
\l__regex_min_pos_int=\count154
\l__regex_max_pos_int=\count155
\l__regex_curr_pos_int=\count156
\l__regex_start_pos_int=\count157
\l__regex_success_pos_int=\count158
\l__regex_curr_char_int=\count159
\l__regex_curr_catcode_int=\count160
\l__regex_last_char_int=\count161
\l__regex_case_changed_char_int=\count162
\l__regex_curr_state_int=\count163
\l__regex_step_int=\count164
\l__regex_min_active_int=\count165
\l__regex_max_active_int=\count166
\l__regex_replacement_csnames_int=\count167
\l__regex_match_count_int=\count168
\l__regex_min_submatch_int=\count169
\l__regex_submatch_int=\count170
\l__regex_zeroth_submatch_int=\count171
\g__regex_trace_regex_int=\count172
\c_empty_box=\box26
\l_tmpa_box=\box27
\l_tmpb_box=\box28
\g_tmpa_box=\box29
\g_tmpb_box=\box30
\l__box_top_dim=\dimen111
\l__box_bottom_dim=\dimen112
\l__box_left_dim=\dimen113
\l__box_right_dim=\dimen114
\l__box_top_new_dim=\dimen115
\l__box_bottom_new_dim=\dimen116
\l__box_left_new_dim=\dimen117
\l__box_right_new_dim=\dimen118
\l__box_internal_box=\box31
\l__coffin_internal_box=\box32
\l__coffin_internal_dim=\dimen119
\l__coffin_offset_x_dim=\dimen120
\l__coffin_offset_y_dim=\dimen121
\l__coffin_x_dim=\dimen122
\l__coffin_y_dim=\dimen123
\l__coffin_x_prime_dim=\dimen124
\l__coffin_y_prime_dim=\dimen125
\c_empty_coffin=\box33
\l__coffin_aligned_coffin=\box34
\l__coffin_aligned_internal_coffin=\box35
\l_tmpa_coffin=\box36
\l_tmpb_coffin=\box37
\g_tmpa_coffin=\box38
\g_tmpb_coffin=\box39
\l__coffin_bounding_shift_dim=\dimen126
\l__coffin_left_corner_dim=\dimen127
\l__coffin_right_corner_dim=\dimen128
\l__coffin_bottom_corner_dim=\dimen129
\l__coffin_top_corner_dim=\dimen130
\l__coffin_scaled_total_height_dim=\dimen131
\l__coffin_scaled_width_dim=\dimen132
\c__coffin_empty_coffin=\box40
\l__coffin_display_coffin=\box41
\l__coffin_display_coord_coffin=\box42
\l__coffin_display_pole_coffin=\box43
\l__coffin_display_offset_dim=\dimen133
\l__coffin_display_x_dim=\dimen134
\l__coffin_display_y_dim=\dimen135

("C:\Users\sakul_bp6myy0\AppData\Local\Programs\MiKTeX 2.9\tex\latex\l3kernel\l
3deprecation.def"
File: l3deprecation.def 2019-04-06 v L3 Deprecated functions
))
("C:\Users\sakul_bp6myy0\AppData\Local\Programs\MiKTeX 2.9\tex\latex\l3backend\
l3backend-xetex.def"
File: l3backend-xetex.def 2020-09-24 L3 backend support: XeTeX
\g__graphics_track_int=\count173
\l__pdf_internal_box=\box44
\g__pdf_backend_object_int=\count174
\g__pdf_backend_annotation_int=\count175
))
Package: xparse 2020-10-27 L3 Experimental document command parser

("C:\Users\sakul_bp6myy0\AppData\Local\Programs\MiKTeX 2.9\tex\latex\l3packages
\xparse\xparse-generic.tex"
\l__xparse_current_arg_int=\count176
\g__xparse_grabber_int=\count177
\l__xparse_m_args_int=\count178
\l__xparse_v_nesting_int=\count179
))
Package: fontspec 2020/02/21 v2.7i Font selection for XeLaTeX and LuaLaTeX

("C:\Users\sakul_bp6myy0\AppData\Local\Programs\MiKTeX 2.9\tex\latex\fontspec\f
ontspec-xetex.sty"
Package: fontspec-xetex 2020/02/21 v2.7i Font selection for XeLaTeX and LuaLaTe
X
\l__fontspec_script_int=\count180
\l__fontspec_language_int=\count181
\l__fontspec_strnum_int=\count182
\l__fontspec_tmp_int=\count183
\l__fontspec_tmpa_int=\count184
\l__fontspec_tmpb_int=\count185
\l__fontspec_tmpc_int=\count186
\l__fontspec_em_int=\count187
\l__fontspec_emdef_int=\count188
\l__fontspec_strong_int=\count189
\l__fontspec_strongdef_int=\count190
\l__fontspec_tmpa_dim=\dimen136
\l__fontspec_tmpb_dim=\dimen137
\l__fontspec_tmpc_dim=\dimen138

("C:\Users\sakul_bp6myy0\AppData\Local\Programs\MiKTeX 2.9\tex\latex\base\fonte
nc.sty"
Package: fontenc 2017/04/05 v2.0i Standard LaTeX package

("C:\Users\sakul_bp6myy0\AppData\Local\Programs\MiKTeX 2.9\tex\latex\base\tuenc
.def"
File: tuenc.def 2017/04/05 v2.0i Standard LaTeX file
LaTeX Font Info:    Redeclaring font encoding TU on input line 82.
))
("C:\Users\sakul_bp6myy0\AppData\Local\Programs\MiKTeX 2.9\tex\latex\fontspec\f
ontspec.cfg")
LaTeX Info: Redefining \itshape on input line 4169.
LaTeX Info: Redefining \slshape on input line 4169.
LaTeX Info: Redefining \scshape on input line 4169.
LaTeX Info: Redefining \upshape on input line 4169.
LaTeX Info: Redefining \em on input line 4169.
LaTeX Info: Redefining \emph on input line 4169.
))
("C:\Users\sakul_bp6myy0\AppData\Local\Programs\MiKTeX 2.9\tex\latex\amsmath\am
smath.sty"
Package: amsmath 2017/09/02 v2.17a AMS math features
\@mathmargin=\skip49

For additional information on amsmath, use the `?' option.

("C:\Users\sakul_bp6myy0\AppData\Local\Programs\MiKTeX 2.9\tex\latex\amsmath\am
stext.sty"
Package: amstext 2000/06/29 v2.01 AMS text

("C:\Users\sakul_bp6myy0\AppData\Local\Programs\MiKTeX 2.9\tex\latex\amsmath\am
sgen.sty"
File: amsgen.sty 1999/11/30 v2.0 generic functions
\@emptytoks=\toks14
\ex@=\dimen139
))
("C:\Users\sakul_bp6myy0\AppData\Local\Programs\MiKTeX 2.9\tex\latex\amsmath\am
sbsy.sty"
Package: amsbsy 1999/11/29 v1.2d Bold Symbols
\pmbraise@=\dimen140
)
("C:\Users\sakul_bp6myy0\AppData\Local\Programs\MiKTeX 2.9\tex\latex\amsmath\am
sopn.sty"
Package: amsopn 2016/03/08 v2.02 operator names
)
\inf@bad=\count191
LaTeX Info: Redefining \frac on input line 213.
\uproot@=\count192
\leftroot@=\count193
LaTeX Info: Redefining \overline on input line 375.
\classnum@=\count194
\DOTSCASE@=\count195
LaTeX Info: Redefining \ldots on input line 472.
LaTeX Info: Redefining \dots on input line 475.
LaTeX Info: Redefining \cdots on input line 596.
\Mathstrutbox@=\box45
\strutbox@=\box46
\big@size=\dimen141
LaTeX Font Info:    Redeclaring font encoding OML on input line 712.
LaTeX Font Info:    Redeclaring font encoding OMS on input line 713.
\macc@depth=\count196
\c@MaxMatrixCols=\count197
\dotsspace@=\muskip16
\c@parentequation=\count198
\dspbrk@lvl=\count199
\tag@help=\toks15
\row@=\count266
\column@=\count267
\maxfields@=\count268
\andhelp@=\toks16
\eqnshift@=\dimen142
\alignsep@=\dimen143
\tagshift@=\dimen144
\tagwidth@=\dimen145
\totwidth@=\dimen146
\lineht@=\dimen147
\@envbody=\toks17
\multlinegap=\skip50
\multlinetaggap=\skip51
\mathdisplay@stack=\toks18
LaTeX Info: Redefining \[ on input line 2817.
LaTeX Info: Redefining \] on input line 2818.
)
("C:\Users\sakul_bp6myy0\AppData\Local\Programs\MiKTeX 2.9\tex\latex\amsfonts\a
mssymb.sty"
Package: amssymb 2013/01/14 v3.01 AMS font symbols

("C:\Users\sakul_bp6myy0\AppData\Local\Programs\MiKTeX 2.9\tex\latex\amsfonts\a
msfonts.sty"
Package: amsfonts 2013/01/14 v3.01 Basic AMSFonts support
\symAMSa=\mathgroup4
\symAMSb=\mathgroup5
LaTeX Font Info:    Overwriting math alphabet `\mathfrak' in version `bold'
(Font)                  U/euf/m/n --> U/euf/b/n on input line 106.
))
("C:\Users\sakul_bp6myy0\AppData\Local\Programs\MiKTeX 2.9\tex\latex\polyglossi
a\polyglossia.sty"
Package: polyglossia 2018/04/07 v1.43 Alternative to Babel for XeLaTeX and LuaL
aTeX

("C:\Users\sakul_bp6myy0\AppData\Local\Programs\MiKTeX 2.9\tex\latex\etoolbox\e
toolbox.sty"
Package: etoolbox 2018/08/19 v2.5f e-TeX tools for LaTeX (JAW)
\etb@tempcnta=\count269
)
("C:\Users\sakul_bp6myy0\AppData\Local\Programs\MiKTeX 2.9\tex\latex\makecmds\m
akecmds.sty"
Package: makecmds 2009/09/03 v1.0a extra command making commands
)
("C:\Users\sakul_bp6myy0\AppData\Local\Programs\MiKTeX 2.9\tex\latex\xkeyval\xk
eyval.sty"
Package: xkeyval 2014/12/03 v2.7a package option processing (HA)

("C:\Users\sakul_bp6myy0\AppData\Local\Programs\MiKTeX 2.9\tex\generic\xkeyval\
xkeyval.tex"
("C:\Users\sakul_bp6myy0\AppData\Local\Programs\MiKTeX 2.9\tex\generic\xkeyval\
xkvutils.tex"
\XKV@toks=\toks19
\XKV@tempa@toks=\toks20

("C:\Users\sakul_bp6myy0\AppData\Local\Programs\MiKTeX 2.9\tex\generic\xkeyval\
keyval.tex"))
\XKV@depth=\count270
File: xkeyval.tex 2014/12/03 v2.7a key=value parser (HA)
))
("C:\Users\sakul_bp6myy0\AppData\Local\Programs\MiKTeX 2.9\tex\generic\oberdiek
\ifluatex.sty"
Package: ifluatex 2016/05/16 v1.4 Provides the ifluatex switch (HO)
Package ifluatex Info: LuaTeX not detected.
)
("C:\Users\sakul_bp6myy0\AppData\Local\Programs\MiKTeX 2.9\tex\generic\ifxetex\
ifxetex.sty"
Package: ifxetex 2010/09/12 v0.6 Provides ifxetex conditional
)
\xpg@normalclass=\XeTeXcharclass1
)
("C:\Users\sakul_bp6myy0\AppData\Local\Programs\MiKTeX 2.9\tex\latex\polyglossi
a\gloss-english.ldf"
File: gloss-english.ldf polyglossia: module for english
)
Package polyglossia Info: Default language is english.

Package fontspec Info: Font family 'TeXGyreTermes(0)' created for font 'TeX
(fontspec)             Gyre Termes' with options [].
(fontspec)              
(fontspec)              This font family consists of the following NFSS
(fontspec)             series/shapes:
(fontspec)              
(fontspec)             - 'normal' (m/n) with NFSS spec.: <->"TeX Gyre
(fontspec)             Termes/OT:script=latn;language=dflt;"
(fontspec)             - 'small caps'  (m/sc) with NFSS spec.: <->"TeX Gyre
(fontspec)             Termes/OT:script=latn;language=dflt;+smcp;"
(fontspec)             - 'bold' (bx/n) with NFSS spec.: <->"TeX Gyre
(fontspec)             Termes/B/OT:script=latn;language=dflt;"
(fontspec)             - 'bold small caps'  (bx/sc) with NFSS spec.: <->"TeX
(fontspec)             Gyre Termes/B/OT:script=latn;language=dflt;+smcp;"
(fontspec)             - 'italic' (m/it) with NFSS spec.: <->"TeX Gyre
(fontspec)             Termes/I/OT:script=latn;language=dflt;"
(fontspec)             - 'italic small caps'  (m/scit) with NFSS spec.:
(fontspec)             <->"TeX Gyre
(fontspec)             Termes/I/OT:script=latn;language=dflt;+smcp;"
(fontspec)             - 'bold italic' (bx/it) with NFSS spec.: <->"TeX Gyre
(fontspec)             Termes/BI/OT:script=latn;language=dflt;"
(fontspec)             - 'bold italic small caps'  (bx/scit) with NFSS spec.:
(fontspec)             <->"TeX Gyre
(fontspec)             Termes/BI/OT:script=latn;language=dflt;+smcp;"


Package fontspec Info: Font family 'TeXGyreHeros(0)' created for font 'TeX
(fontspec)             Gyre Heros' with options [].
(fontspec)              
(fontspec)              This font family consists of the following NFSS
(fontspec)             series/shapes:
(fontspec)              
(fontspec)             - 'normal' (m/n) with NFSS spec.: <->"TeX Gyre
(fontspec)             Heros/OT:script=latn;language=dflt;"
(fontspec)             - 'small caps'  (m/sc) with NFSS spec.: <->"TeX Gyre
(fontspec)             Heros/OT:script=latn;language=dflt;+smcp;"
(fontspec)             - 'bold' (bx/n) with NFSS spec.: <->"TeX Gyre
(fontspec)             Heros/B/OT:script=latn;language=dflt;"
(fontspec)             - 'bold small caps'  (bx/sc) with NFSS spec.: <->"TeX
(fontspec)             Gyre Heros/B/OT:script=latn;language=dflt;+smcp;"
(fontspec)             - 'italic' (m/it) with NFSS spec.: <->"TeX Gyre
(fontspec)             Heros/I/OT:script=latn;language=dflt;"
(fontspec)             - 'italic small caps'  (m/scit) with NFSS spec.:
(fontspec)             <->"TeX Gyre
(fontspec)             Heros/I/OT:script=latn;language=dflt;+smcp;"
(fontspec)             - 'bold italic' (bx/it) with NFSS spec.: <->"TeX Gyre
(fontspec)             Heros/BI/OT:script=latn;language=dflt;"
(fontspec)             - 'bold italic small caps'  (bx/scit) with NFSS spec.:
(fontspec)             <->"TeX Gyre
(fontspec)             Heros/BI/OT:script=latn;language=dflt;+smcp;"


Package fontspec Info: Font family 'TeXGyreCursor(0)' created for font 'TeX
(fontspec)             Gyre Cursor' with options [].
(fontspec)              
(fontspec)              This font family consists of the following NFSS
(fontspec)             series/shapes:
(fontspec)              
(fontspec)             - 'normal' (m/n) with NFSS spec.: <->"TeX Gyre
(fontspec)             Cursor/OT:script=latn;language=dflt;"
(fontspec)             - 'small caps'  (m/sc) with NFSS spec.: <->"TeX Gyre
(fontspec)             Cursor/OT:script=latn;language=dflt;+smcp;"
(fontspec)             - 'bold' (bx/n) with NFSS spec.: <->"TeX Gyre
(fontspec)             Cursor/B/OT:script=latn;language=dflt;"
(fontspec)             - 'bold small caps'  (bx/sc) with NFSS spec.: <->"TeX
(fontspec)             Gyre Cursor/B/OT:script=latn;language=dflt;+smcp;"
(fontspec)             - 'italic' (m/it) with NFSS spec.: <->"TeX Gyre
(fontspec)             Cursor/I/OT:script=latn;language=dflt;"
(fontspec)             - 'italic small caps'  (m/scit) with NFSS spec.:
(fontspec)             <->"TeX Gyre
(fontspec)             Cursor/I/OT:script=latn;language=dflt;+smcp;"
(fontspec)             - 'bold italic' (bx/it) with NFSS spec.: <->"TeX Gyre
(fontspec)             Cursor/BI/OT:script=latn;language=dflt;"
(fontspec)             - 'bold italic small caps'  (bx/scit) with NFSS spec.:
(fontspec)             <->"TeX Gyre
(fontspec)             Cursor/BI/OT:script=latn;language=dflt;+smcp;"


("C:\Users\sakul_bp6myy0\AppData\Local\Programs\MiKTeX 2.9\tex\latex\fncychap\f
ncychap.sty"
Package: fncychap 2007/07/30 v1.34 LaTeX package (Revised chapters)
\RW=\skip52
\mylen=\skip53
\myhi=\skip54
\px=\skip55
\py=\skip56
\pyy=\skip57
\pxx=\skip58

("C:\Users\sakul_bp6myy0\AppData\Local\Programs\MiKTeX 2.9\tex\latex\graphics\c
olor.sty"
Package: color 2016/07/10 v1.1e Standard LaTeX Color (DPC)

("C:\Users\sakul_bp6myy0\AppData\Local\Programs\MiKTeX 2.9\tex\latex\graphics-c
fg\color.cfg"
File: color.cfg 2016/01/02 v1.6 sample color configuration
)
Package color Info: Driver file: xetex.def on input line 147.

("C:\Users\sakul_bp6myy0\AppData\Local\Programs\MiKTeX 2.9\tex\latex\graphics-d
ef\xetex.def"
File: xetex.def 2017/06/24 v5.0h Graphics/color driver for xetex
))) (sphinx.sty
Package: sphinx 2019/09/02 v2.3.0 LaTeX package (Sphinx markup)

("C:\Users\sakul_bp6myy0\AppData\Local\Programs\MiKTeX 2.9\tex\generic\oberdiek
\ltxcmds.sty"
Package: ltxcmds 2016/05/16 v1.23 LaTeX kernel commands for general use (HO)
)
("C:\Users\sakul_bp6myy0\AppData\Local\Programs\MiKTeX 2.9\tex\latex\graphics\g
raphicx.sty"
Package: graphicx 2017/06/01 v1.1a Enhanced LaTeX Graphics (DPC,SPQR)

("C:\Users\sakul_bp6myy0\AppData\Local\Programs\MiKTeX 2.9\tex\latex\graphics\g
raphics.sty"
Package: graphics 2017/06/25 v1.2c Standard LaTeX Graphics (DPC,SPQR)

("C:\Users\sakul_bp6myy0\AppData\Local\Programs\MiKTeX 2.9\tex\latex\graphics\t
rig.sty"
Package: trig 2016/01/03 v1.10 sin cos tan (DPC)
)
("C:\Users\sakul_bp6myy0\AppData\Local\Programs\MiKTeX 2.9\tex\latex\graphics-c
fg\graphics.cfg"
File: graphics.cfg 2016/06/04 v1.11 sample graphics configuration
)
Package graphics Info: Driver file: xetex.def on input line 99.
)
\Gin@req@height=\dimen148
\Gin@req@width=\dimen149
)
("C:\Users\sakul_bp6myy0\AppData\Local\Programs\MiKTeX 2.9\tex\latex\fancyhdr\f
ancyhdr.sty"
Package: fancyhdr 2017/06/30 v3.9a Extensive control of page headers and footer
s
\f@nch@headwidth=\skip59
\f@nch@O@elh=\skip60
\f@nch@O@erh=\skip61
\f@nch@O@olh=\skip62
\f@nch@O@orh=\skip63
\f@nch@O@elf=\skip64
\f@nch@O@erf=\skip65
\f@nch@O@olf=\skip66
\f@nch@O@orf=\skip67
)
("C:\Users\sakul_bp6myy0\AppData\Local\Programs\MiKTeX 2.9\tex\latex\base\textc
omp.sty"
Package: textcomp 2017/04/05 v2.0i Standard LaTeX package
Package textcomp Info: Sub-encoding information:
(textcomp)               5 = only ISO-Adobe without \textcurrency
(textcomp)               4 = 5 + \texteuro
(textcomp)               3 = 4 + \textohm
(textcomp)               2 = 3 + \textestimated + \textcurrency
(textcomp)               1 = TS1 - \textcircled - \t
(textcomp)               0 = TS1 (full)
(textcomp)             Font families with sub-encoding setting implement
(textcomp)             only a restricted character set as indicated.
(textcomp)             Family '?' is the default used for unknown fonts.
(textcomp)             See the documentation for details.
Package textcomp Info: Setting ? sub-encoding to TS1/1 on input line 79.

("C:\Users\sakul_bp6myy0\AppData\Local\Programs\MiKTeX 2.9\tex\latex\base\ts1en
c.def"
File: ts1enc.def 2001/06/05 v3.0e (jk/car/fm) Standard LaTeX file
)
LaTeX Info: Redefining \oldstylenums on input line 334.
Package textcomp Info: Setting cmr sub-encoding to TS1/0 on input line 349.
Package textcomp Info: Setting cmss sub-encoding to TS1/0 on input line 350.
Package textcomp Info: Setting cmtt sub-encoding to TS1/0 on input line 351.
Package textcomp Info: Setting cmvtt sub-encoding to TS1/0 on input line 352.
Package textcomp Info: Setting cmbr sub-encoding to TS1/0 on input line 353.
Package textcomp Info: Setting cmtl sub-encoding to TS1/0 on input line 354.
Package textcomp Info: Setting ccr sub-encoding to TS1/0 on input line 355.
Package textcomp Info: Setting ptm sub-encoding to TS1/4 on input line 356.
Package textcomp Info: Setting pcr sub-encoding to TS1/4 on input line 357.
Package textcomp Info: Setting phv sub-encoding to TS1/4 on input line 358.
Package textcomp Info: Setting ppl sub-encoding to TS1/3 on input line 359.
Package textcomp Info: Setting pag sub-encoding to TS1/4 on input line 360.
Package textcomp Info: Setting pbk sub-encoding to TS1/4 on input line 361.
Package textcomp Info: Setting pnc sub-encoding to TS1/4 on input line 362.
Package textcomp Info: Setting pzc sub-encoding to TS1/4 on input line 363.
Package textcomp Info: Setting bch sub-encoding to TS1/4 on input line 364.
Package textcomp Info: Setting put sub-encoding to TS1/5 on input line 365.
Package textcomp Info: Setting uag sub-encoding to TS1/5 on input line 366.
Package textcomp Info: Setting ugq sub-encoding to TS1/5 on input line 367.
Package textcomp Info: Setting ul8 sub-encoding to TS1/4 on input line 368.
Package textcomp Info: Setting ul9 sub-encoding to TS1/4 on input line 369.
Package textcomp Info: Setting augie sub-encoding to TS1/5 on input line 370.
Package textcomp Info: Setting dayrom sub-encoding to TS1/3 on input line 371.
Package textcomp Info: Setting dayroms sub-encoding to TS1/3 on input line 372.

Package textcomp Info: Setting pxr sub-encoding to TS1/0 on input line 373.
Package textcomp Info: Setting pxss sub-encoding to TS1/0 on input line 374.
Package textcomp Info: Setting pxtt sub-encoding to TS1/0 on input line 375.
Package textcomp Info: Setting txr sub-encoding to TS1/0 on input line 376.
Package textcomp Info: Setting txss sub-encoding to TS1/0 on input line 377.
Package textcomp Info: Setting txtt sub-encoding to TS1/0 on input line 378.
Package textcomp Info: Setting lmr sub-encoding to TS1/0 on input line 379.
Package textcomp Info: Setting lmdh sub-encoding to TS1/0 on input line 380.
Package textcomp Info: Setting lmss sub-encoding to TS1/0 on input line 381.
Package textcomp Info: Setting lmssq sub-encoding to TS1/0 on input line 382.
Package textcomp Info: Setting lmvtt sub-encoding to TS1/0 on input line 383.
Package textcomp Info: Setting lmtt sub-encoding to TS1/0 on input line 384.
Package textcomp Info: Setting qhv sub-encoding to TS1/0 on input line 385.
Package textcomp Info: Setting qag sub-encoding to TS1/0 on input line 386.
Package textcomp Info: Setting qbk sub-encoding to TS1/0 on input line 387.
Package textcomp Info: Setting qcr sub-encoding to TS1/0 on input line 388.
Package textcomp Info: Setting qcs sub-encoding to TS1/0 on input line 389.
Package textcomp Info: Setting qpl sub-encoding to TS1/0 on input line 390.
Package textcomp Info: Setting qtm sub-encoding to TS1/0 on input line 391.
Package textcomp Info: Setting qzc sub-encoding to TS1/0 on input line 392.
Package textcomp Info: Setting qhvc sub-encoding to TS1/0 on input line 393.
Package textcomp Info: Setting futs sub-encoding to TS1/4 on input line 394.
Package textcomp Info: Setting futx sub-encoding to TS1/4 on input line 395.
Package textcomp Info: Setting futj sub-encoding to TS1/4 on input line 396.
Package textcomp Info: Setting hlh sub-encoding to TS1/3 on input line 397.
Package textcomp Info: Setting hls sub-encoding to TS1/3 on input line 398.
Package textcomp Info: Setting hlst sub-encoding to TS1/3 on input line 399.
Package textcomp Info: Setting hlct sub-encoding to TS1/5 on input line 400.
Package textcomp Info: Setting hlx sub-encoding to TS1/5 on input line 401.
Package textcomp Info: Setting hlce sub-encoding to TS1/5 on input line 402.
Package textcomp Info: Setting hlcn sub-encoding to TS1/5 on input line 403.
Package textcomp Info: Setting hlcw sub-encoding to TS1/5 on input line 404.
Package textcomp Info: Setting hlcf sub-encoding to TS1/5 on input line 405.
Package textcomp Info: Setting pplx sub-encoding to TS1/3 on input line 406.
Package textcomp Info: Setting pplj sub-encoding to TS1/3 on input line 407.
Package textcomp Info: Setting ptmx sub-encoding to TS1/4 on input line 408.
Package textcomp Info: Setting ptmj sub-encoding to TS1/4 on input line 409.
)
("C:\Users\sakul_bp6myy0\AppData\Local\Programs\MiKTeX 2.9\tex\latex\titlesec\t
itlesec.sty"
Package: titlesec 2016/03/21 v2.10.2 Sectioning titles
\ttl@box=\box47
\beforetitleunit=\skip68
\aftertitleunit=\skip69
\ttl@plus=\dimen150
\ttl@minus=\dimen151
\ttl@toksa=\toks21
\titlewidth=\dimen152
\titlewidthlast=\dimen153
\titlewidthfirst=\dimen154
)
("C:\Users\sakul_bp6myy0\AppData\Local\Programs\MiKTeX 2.9\tex\latex\tabulary\t
abulary.sty"
Package: tabulary 2014/06/11 v0.10 tabulary package (DPC)

("C:\Users\sakul_bp6myy0\AppData\Local\Programs\MiKTeX 2.9\tex\latex\tools\arra
y.sty"
Package: array 2018/04/30 v2.4h Tabular extension package (FMi)
\col@sep=\dimen155
\ar@mcellbox=\box48
\extrarowheight=\dimen156
\NC@list=\toks22
\extratabsurround=\skip70
\backup@length=\skip71
\ar@cellbox=\box49
)
\TY@count=\count271
\TY@linewidth=\dimen157
\tymin=\dimen158
\tymax=\dimen159
\TY@tablewidth=\dimen160
)
("C:\Users\sakul_bp6myy0\AppData\Local\Programs\MiKTeX 2.9\tex\latex\tools\long
table.sty"
Package: longtable 2014/10/28 v4.11 Multi-page Table package (DPC)
\LTleft=\skip72
\LTright=\skip73
\LTpre=\skip74
\LTpost=\skip75
\LTchunksize=\count272
\LTcapwidth=\dimen161
\LT@head=\box50
\LT@firsthead=\box51
\LT@foot=\box52
\LT@lastfoot=\box53
\LT@cols=\count273
\LT@rows=\count274
\c@LT@tables=\count275
\c@LT@chunks=\count276
\LT@p@ftn=\toks23
)
("C:\Users\sakul_bp6myy0\AppData\Local\Programs\MiKTeX 2.9\tex\latex\varwidth\v
arwidth.sty"
Package: varwidth 2009/03/30 ver 0.92;  Variable-width minipages
\@vwid@box=\box54
\sift@deathcycles=\count277
\@vwid@loff=\dimen162
\@vwid@roff=\dimen163
) (sphinxmulticell.sty
Package: sphinxmulticell 2017/02/23 v1.6 better span rows and columns of a tabl
e (Sphinx team)
\sphinx@TY@tablewidth=\dimen164
)
("C:\Users\sakul_bp6myy0\AppData\Local\Programs\MiKTeX 2.9\tex\latex\base\makei
dx.sty"
Package: makeidx 2014/09/29 v1.0m Standard LaTeX package
)
("C:\Users\sakul_bp6myy0\AppData\Local\Programs\MiKTeX 2.9\tex\latex\framed\fra
med.sty"
Package: framed 2011/10/22 v 0.96: framed or shaded text with page breaks
\OuterFrameSep=\skip76
\fb@frw=\dimen165
\fb@frh=\dimen166
\FrameRule=\dimen167
\FrameSep=\dimen168
)
("C:\Users\sakul_bp6myy0\AppData\Local\Programs\MiKTeX 2.9\tex\latex\xcolor\xco
lor.sty"
Package: xcolor 2016/05/11 v2.12 LaTeX color extensions (UK)

("C:\Users\sakul_bp6myy0\AppData\Local\Programs\MiKTeX 2.9\tex\latex\graphics-c
fg\color.cfg"
File: color.cfg 2016/01/02 v1.6 sample color configuration
)
Package xcolor Info: Driver file: xetex.def on input line 225.
LaTeX Info: Redefining \color on input line 709.
Package xcolor Info: Model `cmy' substituted by `cmy0' on input line 1348.
Package xcolor Info: Model `RGB' extended on input line 1364.
Package xcolor Info: Model `HTML' substituted by `rgb' on input line 1366.
Package xcolor Info: Model `Hsb' substituted by `hsb' on input line 1367.
Package xcolor Info: Model `tHsb' substituted by `hsb' on input line 1368.
Package xcolor Info: Model `HSB' substituted by `hsb' on input line 1369.
Package xcolor Info: Model `Gray' substituted by `gray' on input line 1370.
Package xcolor Info: Model `wave' substituted by `hsb' on input line 1371.
)
("C:\Users\sakul_bp6myy0\AppData\Local\Programs\MiKTeX 2.9\tex\latex\fancyvrb\f
ancyvrb.sty"
Package: fancyvrb 2020/05/03 v3.6 verbatim text (tvz,hv)
\FV@CodeLineNo=\count278
\FV@InFile=\read2
\FV@TabBox=\box55
\c@FancyVerbLine=\count279
\FV@StepNumber=\count280
\FV@OutFile=\write3
) (footnotehyper-sphinx.sty
Package: footnotehyper-sphinx 2017/10/27 v1.7 hyperref aware footnote.sty for s
phinx (JFB)
\FNH@notes=\box56
\FNH@width=\dimen169
)
("C:\Users\sakul_bp6myy0\AppData\Local\Programs\MiKTeX 2.9\tex\latex\float\floa
t.sty"
Package: float 2001/11/08 v1.3d Float enhancements (AL)
\c@float@type=\count281
\float@exts=\toks24
\float@box=\box57
\@float@everytoks=\toks25
\@floatcapt=\box58
)
("C:\Users\sakul_bp6myy0\AppData\Local\Programs\MiKTeX 2.9\tex\latex\wrapfig\wr
apfig.sty"
\wrapoverhang=\dimen170
\WF@size=\dimen171
\c@WF@wrappedlines=\count282
\WF@box=\box59
\WF@everypar=\toks26
Package: wrapfig 2003/01/31  v 3.6
)
("C:\Users\sakul_bp6myy0\AppData\Local\Programs\MiKTeX 2.9\tex\latex\parskip\pa
rskip.sty"
Rollback for package 'parskip' requested -> version 'v1'.
         This corresponds to the release introduced on 2001-04-09.

("C:\Users\sakul_bp6myy0\AppData\Local\Programs\MiKTeX 2.9\tex\latex\parskip\pa
rskip-2001-04-09.sty"
Package: parskip 2001/04/09 non-zero parskip adjustments
))
("C:\Users\sakul_bp6myy0\AppData\Local\Programs\MiKTeX 2.9\tex\latex\base\alltt
.sty"
Package: alltt 1997/06/16 v2.0g defines alltt environment
)
("C:\Users\sakul_bp6myy0\AppData\Local\Programs\MiKTeX 2.9\tex\latex\upquote\up
quote.sty"
Package: upquote 2012/04/19 v1.3 upright-quote and grave-accent glyphs in verba
tim
)
("C:\Users\sakul_bp6myy0\AppData\Local\Programs\MiKTeX 2.9\tex\latex\capt-of\ca
pt-of.sty"
Package: capt-of 2009/12/29 v0.2 standard captions outside of floats
)
("C:\Users\sakul_bp6myy0\AppData\Local\Programs\MiKTeX 2.9\tex\latex\needspace\
needspace.sty"
Package: needspace 2010/09/12 v1.3d reserve vertical space
) (sphinxhighlight.sty
Package: sphinxhighlight 2016/05/29 stylesheet for highlighting with pygments
)
("C:\Users\sakul_bp6myy0\AppData\Local\Programs\MiKTeX 2.9\tex\latex\oberdiek\k
voptions.sty"
Package: kvoptions 2016/05/16 v3.12 Key value format for package options (HO)

("C:\Users\sakul_bp6myy0\AppData\Local\Programs\MiKTeX 2.9\tex\generic\oberdiek
\kvsetkeys.sty"
Package: kvsetkeys 2016/05/16 v1.17 Key value parser (HO)

("C:\Users\sakul_bp6myy0\AppData\Local\Programs\MiKTeX 2.9\tex\generic\oberdiek
\infwarerr.sty"
Package: infwarerr 2016/05/16 v1.4 Providing info/warning/error messages (HO)
)
("C:\Users\sakul_bp6myy0\AppData\Local\Programs\MiKTeX 2.9\tex\generic\oberdiek
\etexcmds.sty"
Package: etexcmds 2016/05/16 v1.6 Avoid name clashes with e-TeX commands (HO)
Package etexcmds Info: Could not find \expanded.
(etexcmds)             That can mean that you are not using pdfTeX 1.50 or
(etexcmds)             that some package has redefined \expanded.
(etexcmds)             In the latter case, load this package earlier.
)))
\sphinxverbatimsep=\dimen172
\sphinxverbatimborder=\dimen173
\sphinxshadowsep=\dimen174
\sphinxshadowsize=\dimen175
\sphinxshadowrule=\dimen176
\spx@notice@border=\dimen177
\spx@image@maxheight=\dimen178
\spx@image@box=\dimen179
\c@literalblock=\count283
\sphinxcontinuationbox=\box60
\sphinxvisiblespacebox=\box61
\sphinxVerbatim@TitleBox=\box62
\sphinxVerbatim@ContentsBox=\box63
\py@argswidth=\skip77
\lineblockindentation=\skip78
\DUlineblockindent=\skip79
)
("C:\Users\sakul_bp6myy0\AppData\Local\Programs\MiKTeX 2.9\tex\latex\geometry\g
eometry.sty"
Package: geometry 2018/04/16 v5.8 Page Geometry

("C:\Users\sakul_bp6myy0\AppData\Local\Programs\MiKTeX 2.9\tex\generic\oberdiek
\ifpdf.sty"
Package: ifpdf 2018/09/07 v3.3 Provides the ifpdf switch
)
("C:\Users\sakul_bp6myy0\AppData\Local\Programs\MiKTeX 2.9\tex\generic\oberdiek
\ifvtex.sty"
Package: ifvtex 2016/05/16 v1.6 Detect VTeX and its facilities (HO)
Package ifvtex Info: VTeX not detected.
)
\Gm@cnth=\count284
\Gm@cntv=\count285
\c@Gm@tempcnt=\count286
\Gm@bindingoffset=\dimen180
\Gm@wd@mp=\dimen181
\Gm@odd@mp=\dimen182
\Gm@even@mp=\dimen183
\Gm@layoutwidth=\dimen184
\Gm@layoutheight=\dimen185
\Gm@layouthoffset=\dimen186
\Gm@layoutvoffset=\dimen187
\Gm@dimlist=\toks27

("C:\Users\sakul_bp6myy0\AppData\Local\Programs\MiKTeX 2.9\tex\xelatex\xetexcon
fig\geometry.cfg"))
("C:\Users\sakul_bp6myy0\AppData\Local\Programs\MiKTeX 2.9\tex\latex\hyperref\h
yperref.sty"
Package: hyperref 2018/09/30 v6.88a Hypertext links for LaTeX

("C:\Users\sakul_bp6myy0\AppData\Local\Programs\MiKTeX 2.9\tex\latex\hobsub\hob
sub-hyperref.sty"
Package: hobsub-hyperref 2019-11-14
hobsub not currently supported, see hobsub.dtx to extract original code

("C:\Users\sakul_bp6myy0\AppData\Local\Programs\MiKTeX 2.9\tex\generic\oberdiek
\pdftexcmds.sty"
Package: pdftexcmds 2018/09/10 v0.29 Utility functions of pdfTeX for LuaTeX (HO
)
Package pdftexcmds Info: LuaTeX not detected.
Package pdftexcmds Info: pdfTeX >= 1.30 not detected.
Package pdftexcmds Info: \pdf@primitive is available.
Package pdftexcmds Info: \pdf@ifprimitive is available.
Package pdftexcmds Info: \pdfdraftmode not found.
)
("C:\Users\sakul_bp6myy0\AppData\Local\Programs\MiKTeX 2.9\tex\generic\oberdiek
\kvdefinekeys.sty"
Package: kvdefinekeys 2016/05/16 v1.4 Define keys (HO)
)
("C:\Users\sakul_bp6myy0\AppData\Local\Programs\MiKTeX 2.9\tex\generic\oberdiek
\pdfescape.sty"
Package: pdfescape 2016/05/16 v1.14 Implements pdfTeX's escape features (HO)
)
("C:\Users\sakul_bp6myy0\AppData\Local\Programs\MiKTeX 2.9\tex\latex\oberdiek\h
ycolor.sty"
Package: hycolor 2016/05/16 v1.8 Color options for hyperref/bookmark (HO)

("C:\Users\sakul_bp6myy0\AppData\Local\Programs\MiKTeX 2.9\tex\latex\oberdiek\x
color-patch.sty"
Package: xcolor-patch 2016/05/16 xcolor patch

("C:\Users\sakul_bp6myy0\AppData\Local\Programs\MiKTeX 2.9\tex\latex\oberdiek\h
opatch.sty"
Package: hopatch 2016/05/16 v1.3 Wrapper for package hooks (HO)
)))
("C:\Users\sakul_bp6myy0\AppData\Local\Programs\MiKTeX 2.9\tex\latex\oberdiek\l
etltxmacro.sty"
Package: letltxmacro 2016/05/16 v1.5 Let assignment for LaTeX macros (HO)
))
("C:\Users\sakul_bp6myy0\AppData\Local\Programs\MiKTeX 2.9\tex\latex\oberdiek\a
uxhook.sty"
Package: auxhook 2016/05/16 v1.4 Hooks for auxiliary files (HO)
)
\@linkdim=\dimen188
\Hy@linkcounter=\count287
\Hy@pagecounter=\count288

("C:\Users\sakul_bp6myy0\AppData\Local\Programs\MiKTeX 2.9\tex\latex\hyperref\p
d1enc.def"
File: pd1enc.def 2018/09/30 v6.88a Hyperref: PDFDocEncoding definition (HO)
)
("C:\Users\sakul_bp6myy0\AppData\Local\Programs\MiKTeX 2.9\tex\generic\oberdiek
\intcalc.sty"
Package: intcalc 2016/05/16 v1.2 Expandable calculations with integers (HO)
)
\Hy@SavedSpaceFactor=\count289

("C:\Users\sakul_bp6myy0\AppData\Local\Programs\MiKTeX 2.9\tex\latex\00miktex\h
yperref.cfg"
File: hyperref.cfg 2002/06/06 v1.2 hyperref configuration of TeXLive
)
Package hyperref Info: Option `hyperindex' set `false' on input line 4409.
Package hyperref Info: Option `unicode' set `true' on input line 4409.

("C:\Users\sakul_bp6myy0\AppData\Local\Programs\MiKTeX 2.9\tex\latex\hyperref\p
uenc.def"
File: puenc.def 2018/09/30 v6.88a Hyperref: PDF Unicode definition (HO)
)
Package hyperref Info: Option `colorlinks' set `true' on input line 4409.
Package hyperref Info: Option `breaklinks' set `true' on input line 4409.
Package hyperref Info: Hyper figures OFF on input line 4535.
Package hyperref Info: Link nesting OFF on input line 4540.
Package hyperref Info: Hyper index OFF on input line 4545.
Package hyperref Info: Plain pages OFF on input line 4550.
Package hyperref Info: Backreferencing OFF on input line 4555.
Package hyperref Info: Implicit mode ON; LaTeX internals redefined.
Package hyperref Info: Bookmarks ON on input line 4788.
\c@Hy@tempcnt=\count290

("C:\Users\sakul_bp6myy0\AppData\Local\Programs\MiKTeX 2.9\tex\latex\url\url.st
y"
\Urlmuskip=\muskip17
Package: url 2013/09/16  ver 3.4  Verb mode for urls, etc.
)
LaTeX Info: Redefining \url on input line 5141.
\XeTeXLinkMargin=\dimen189

("C:\Users\sakul_bp6myy0\AppData\Local\Programs\MiKTeX 2.9\tex\generic\oberdiek
\bitset.sty"
Package: bitset 2016/05/16 v1.2 Handle bit-vector datatype (HO)

("C:\Users\sakul_bp6myy0\AppData\Local\Programs\MiKTeX 2.9\tex\generic\oberdiek
\bigintcalc.sty"
Package: bigintcalc 2016/05/16 v1.4 Expandable calculations on big integers (HO
)
))
\Fld@menulength=\count291
\Field@Width=\dimen190
\Fld@charsize=\dimen191
Package hyperref Info: Hyper figures OFF on input line 6396.
Package hyperref Info: Link nesting OFF on input line 6401.
Package hyperref Info: Hyper index OFF on input line 6406.
Package hyperref Info: backreferencing OFF on input line 6411.
Package hyperref Info: Link coloring ON on input line 6414.
Package hyperref Info: Link coloring with OCG OFF on input line 6421.
Package hyperref Info: PDF/A mode OFF on input line 6426.
LaTeX Info: Redefining \ref on input line 6466.
LaTeX Info: Redefining \pageref on input line 6470.

("C:\Users\sakul_bp6myy0\AppData\Local\Programs\MiKTeX 2.9\tex\generic\oberdiek
\atbegshi.sty"
Package: atbegshi 2016/06/09 v1.18 At begin shipout hook (HO)
)
\Hy@abspage=\count292
\c@Item=\count293
\c@Hfootnote=\count294
)
Package hyperref Info: Driver (autodetected): hxetex.

("C:\Users\sakul_bp6myy0\AppData\Local\Programs\MiKTeX 2.9\tex\latex\hyperref\h
xetex.def"
File: hxetex.def 2018/09/30 v6.88a Hyperref driver for XeTeX

("C:\Users\sakul_bp6myy0\AppData\Local\Programs\MiKTeX 2.9\tex\generic\oberdiek
\stringenc.sty"
Package: stringenc 2016/05/16 v1.11 Convert strings between diff. encodings (HO
)
)
\pdfm@box=\box64
\c@Hy@AnnotLevel=\count295
\HyField@AnnotCount=\count296
\Fld@listcount=\count297
\c@bookmark@seq@number=\count298

("C:\Users\sakul_bp6myy0\AppData\Local\Programs\MiKTeX 2.9\tex\latex\oberdiek\r
erunfilecheck.sty"
Package: rerunfilecheck 2016/05/16 v1.8 Rerun checks for auxiliary files (HO)

("C:\Users\sakul_bp6myy0\AppData\Local\Programs\MiKTeX 2.9\tex\latex\oberdiek\a
tveryend.sty"
Package: atveryend 2016/05/16 v1.9 Hooks at the very end of document (HO)
)
("C:\Users\sakul_bp6myy0\AppData\Local\Programs\MiKTeX 2.9\tex\generic\oberdiek
\uniquecounter.sty"
Package: uniquecounter 2016/05/16 v1.3 Provide unlimited unique counter (HO)
)
Package uniquecounter Info: New unique counter `rerunfilecheck' on input line 2
82.
)
\Hy@SectionHShift=\skip80
)
("C:\Users\sakul_bp6myy0\AppData\Local\Programs\MiKTeX 2.9\tex\latex\oberdiek\h
ypcap.sty"
Package: hypcap 2016/05/16 v1.12 Adjusting the anchors of captions (HO)
) (sphinxmessages.sty
Package: sphinxmessages 2019/01/04 v2.0 Localized LaTeX macros (Sphinx team)
)

Package fontspec Info: TH Sarabun New scale = 1.390751262879231.


Package fontspec Info: TH Sarabun New scale = 1.390751262879231.


Package fontspec Info: TH Sarabun New/B scale = 1.390751262879231.


Package fontspec Info: TH Sarabun New/I scale = 1.390751262879231.


Package fontspec Info: TH Sarabun New/BI scale = 1.390751262879231.


Package fontspec Info: Font family 'THSarabunNew(0)' created for font 'TH
(fontspec)             Sarabun New' with options
(fontspec)             [Mapping=tex-text,Scale=MatchUppercase,Mapping=textext].

(fontspec)              
(fontspec)              This font family consists of the following NFSS
(fontspec)             series/shapes:
(fontspec)              
(fontspec)             - 'normal' (m/n) with NFSS spec.:
(fontspec)             <->s*[1.390751262879231]"TH Sarabun
(fontspec)             New/OT:script=latn;language=dflt;mapping=textext;"
(fontspec)             - 'small caps'  (m/sc) with NFSS spec.: 
(fontspec)             - 'bold' (bx/n) with NFSS spec.:
(fontspec)             <->s*[1.390751262879231]"TH Sarabun
(fontspec)             New/B/OT:script=latn;language=dflt;mapping=textext;"
(fontspec)             - 'bold small caps'  (bx/sc) with NFSS spec.: 
(fontspec)             - 'italic' (m/it) with NFSS spec.:
(fontspec)             <->s*[1.390751262879231]"TH Sarabun
(fontspec)             New/I/OT:script=latn;language=dflt;mapping=textext;"
(fontspec)             - 'italic small caps'  (m/scit) with NFSS spec.: 
(fontspec)             - 'bold italic' (bx/it) with NFSS spec.:
(fontspec)             <->s*[1.390751262879231]"TH Sarabun
(fontspec)             New/BI/OT:script=latn;language=dflt;mapping=textext;"
(fontspec)             - 'bold italic small caps'  (bx/scit) with NFSS spec.: 


("C:\Users\sakul_bp6myy0\AppData\Local\Programs\MiKTeX 2.9\tex\xelatex\ucharcla
sses\ucharclasses.sty"
Package: ucharclasses 2017/08/10 v2.3.0 Unicode block character classes for XeL
aTeX
\AlphabeticPresentationFormsClass=\XeTeXcharclass2
\BasicLatinClass=\XeTeXcharclass3
\LatinExtendedAdditionalClass=\XeTeXcharclass4
\LatinExtendedAClass=\XeTeXcharclass5
\LatinExtendedBClass=\XeTeXcharclass6
\LatinExtendedCClass=\XeTeXcharclass7
\LatinExtendedDClass=\XeTeXcharclass8
\LatinSupplementClass=\XeTeXcharclass9
\ThaiClass=\XeTeXcharclass10
\LatinExtendedEClass=\XeTeXcharclass11
)
("C:\Users\sakul_bp6myy0\AppData\Local\Programs\MiKTeX 2.9\tex\latex\setspace\s
etspace.sty"
Package: setspace 2011/12/19 v6.7a set line spacing
)

Package polyglossia Warning: gloss-english.ldf is already loaded! on input line
 64.


("C:\Users\sakul_bp6myy0\AppData\Local\Programs\MiKTeX 2.9\tex\latex\polyglossi
a\gloss-thai.ldf"
File: gloss-thai.ldf polyglossia: module for thai
)
\@indexfile=\write4
\openout4 = `sphinx.idx'.


Writing index file sphinx.idx
(sphinx.aux)
\openout1 = `sphinx.aux'.

LaTeX Font Info:    Checking defaults for OML/cmm/m/it on input line 77.
LaTeX Font Info:    ... okay on input line 77.
LaTeX Font Info:    Checking defaults for T1/cmr/m/n on input line 77.
LaTeX Font Info:    ... okay on input line 77.
LaTeX Font Info:    Checking defaults for OT1/cmr/m/n on input line 77.
LaTeX Font Info:    ... okay on input line 77.
LaTeX Font Info:    Checking defaults for OMS/cmsy/m/n on input line 77.
LaTeX Font Info:    ... okay on input line 77.
LaTeX Font Info:    Checking defaults for TU/lmr/m/n on input line 77.
LaTeX Font Info:    ... okay on input line 77.
LaTeX Font Info:    Checking defaults for OMX/cmex/m/n on input line 77.
LaTeX Font Info:    ... okay on input line 77.
LaTeX Font Info:    Checking defaults for U/cmr/m/n on input line 77.
LaTeX Font Info:    ... okay on input line 77.
LaTeX Font Info:    Checking defaults for TS1/cmr/m/n on input line 77.
LaTeX Font Info:    Try loading font information for TS1+cmr on input line 77.

("C:\Users\sakul_bp6myy0\AppData\Local\Programs\MiKTeX 2.9\tex\latex\base\ts1cm
r.fd"
File: ts1cmr.fd 2014/09/29 v2.5h Standard LaTeX font definitions
)
LaTeX Font Info:    ... okay on input line 77.
LaTeX Font Info:    Checking defaults for PD1/pdf/m/n on input line 77.
LaTeX Font Info:    ... okay on input line 77.
LaTeX Font Info:    Checking defaults for PU/pdf/m/n on input line 77.
LaTeX Font Info:    ... okay on input line 77.

Package fontspec Info: Adjusting the maths setup (use [no-math] to avoid
(fontspec)             this).

\symlegacymaths=\mathgroup6
LaTeX Font Info:    Overwriting symbol font `legacymaths' in version `bold'
(Font)                  OT1/cmr/m/n --> OT1/cmr/bx/n on input line 77.
LaTeX Font Info:    Redeclaring math accent \acute on input line 77.
LaTeX Font Info:    Redeclaring math accent \grave on input line 77.
LaTeX Font Info:    Redeclaring math accent \ddot on input line 77.
LaTeX Font Info:    Redeclaring math accent \tilde on input line 77.
LaTeX Font Info:    Redeclaring math accent \bar on input line 77.
LaTeX Font Info:    Redeclaring math accent \breve on input line 77.
LaTeX Font Info:    Redeclaring math accent \check on input line 77.
LaTeX Font Info:    Redeclaring math accent \hat on input line 77.
LaTeX Font Info:    Redeclaring math accent \dot on input line 77.
LaTeX Font Info:    Redeclaring math accent \mathring on input line 77.
LaTeX Font Info:    Redeclaring math symbol \Gamma on input line 77.
LaTeX Font Info:    Redeclaring math symbol \Delta on input line 77.
LaTeX Font Info:    Redeclaring math symbol \Theta on input line 77.
LaTeX Font Info:    Redeclaring math symbol \Lambda on input line 77.
LaTeX Font Info:    Redeclaring math symbol \Xi on input line 77.
LaTeX Font Info:    Redeclaring math symbol \Pi on input line 77.
LaTeX Font Info:    Redeclaring math symbol \Sigma on input line 77.
LaTeX Font Info:    Redeclaring math symbol \Upsilon on input line 77.
LaTeX Font Info:    Redeclaring math symbol \Phi on input line 77.
LaTeX Font Info:    Redeclaring math symbol \Psi on input line 77.
LaTeX Font Info:    Redeclaring math symbol \Omega on input line 77.
LaTeX Font Info:    Redeclaring math symbol \mathdollar on input line 77.
LaTeX Font Info:    Redeclaring symbol font `operators' on input line 77.
LaTeX Font Info:    Encoding `OT1' has changed to `TU' for symbol font
(Font)              `operators' in the math version `normal' on input line 77.
LaTeX Font Info:    Overwriting symbol font `operators' in version `normal'
(Font)                  OT1/cmr/m/n --> TU/TeXGyreTermes(0)/m/n on input line 7
7.
LaTeX Font Info:    Encoding `OT1' has changed to `TU' for symbol font
(Font)              `operators' in the math version `bold' on input line 77.
LaTeX Font Info:    Overwriting symbol font `operators' in version `bold'
(Font)                  OT1/cmr/bx/n --> TU/TeXGyreTermes(0)/m/n on input line 
77.
LaTeX Font Info:    Overwriting symbol font `operators' in version `normal'
(Font)                  TU/TeXGyreTermes(0)/m/n --> TU/TeXGyreTermes(0)/m/n on 
input line 77.
LaTeX Font Info:    Overwriting math alphabet `\mathit' in version `normal'
(Font)                  OT1/cmr/m/it --> TU/TeXGyreTermes(0)/m/it on input line
 77.
LaTeX Font Info:    Overwriting math alphabet `\mathbf' in version `normal'
(Font)                  OT1/cmr/bx/n --> TU/TeXGyreTermes(0)/bx/n on input line
 77.
LaTeX Font Info:    Overwriting math alphabet `\mathsf' in version `normal'
(Font)                  OT1/cmss/m/n --> TU/TeXGyreHeros(0)/m/n on input line 7
7.
LaTeX Font Info:    Overwriting math alphabet `\mathtt' in version `normal'
(Font)                  OT1/cmtt/m/n --> TU/TeXGyreCursor(0)/m/n on input line 
77.
LaTeX Font Info:    Overwriting symbol font `operators' in version `bold'
(Font)                  TU/TeXGyreTermes(0)/m/n --> TU/TeXGyreTermes(0)/bx/n on
 input line 77.
LaTeX Font Info:    Overwriting math alphabet `\mathit' in version `bold'
(Font)                  OT1/cmr/bx/it --> TU/TeXGyreTermes(0)/bx/it on input li
ne 77.
LaTeX Font Info:    Overwriting math alphabet `\mathsf' in version `bold'
(Font)                  OT1/cmss/bx/n --> TU/TeXGyreHeros(0)/bx/n on input line
 77.
LaTeX Font Info:    Overwriting math alphabet `\mathtt' in version `bold'
(Font)                  OT1/cmtt/m/n --> TU/TeXGyreCursor(0)/bx/n on input line
 77.

*geometry* detected driver: pdftex
*geometry* verbose mode - [ preamble ] result:
* driver: pdftex
* paper: a4paper
* layout: <same size as paper>
* layoutoffset:(h,v)=(0.0pt,0.0pt)
* modes: twoside 
* h-part:(L,W,R)=(72.26999pt, 452.9679pt, 72.26999pt)
* v-part:(T,H,B)=(72.26999pt, 700.50687pt, 72.26999pt)
* \paperwidth=597.50787pt
* \paperheight=845.04684pt
* \textwidth=452.9679pt
* \textheight=700.50687pt
* \oddsidemargin=0.0pt
* \evensidemargin=0.0pt
* \topmargin=-37.0pt
* \headheight=12.0pt
* \headsep=25.0pt
* \topskip=12.0pt
* \footskip=30.0pt
* \marginparwidth=36.135pt
* \marginparsep=10.0pt
* \columnsep=10.0pt
* \skip\footins=10.8pt plus 4.0pt minus 2.0pt
* \hoffset=0.0pt
* \voffset=0.0pt
* \mag=1000
* \@twocolumnfalse
* \@twosidetrue
* \@mparswitchtrue
* \@reversemarginfalse
* (1in=72.27pt=25.4mm, 1cm=28.453pt)

\AtBeginShipoutBox=\box65
Package hyperref Info: Link coloring ON on input line 77.

("C:\Users\sakul_bp6myy0\AppData\Local\Programs\MiKTeX 2.9\tex\latex\hyperref\n
ameref.sty"
Package: nameref 2016/05/21 v2.44 Cross-referencing by name of section

("C:\Users\sakul_bp6myy0\AppData\Local\Programs\MiKTeX 2.9\tex\latex\oberdiek\r
efcount.sty"
Package: refcount 2016/05/16 v3.5 Data extraction from label references (HO)
)
("C:\Users\sakul_bp6myy0\AppData\Local\Programs\MiKTeX 2.9\tex\generic\oberdiek
\gettitlestring.sty"
Package: gettitlestring 2016/05/16 v1.5 Cleanup title references (HO)
)
\c@section@level=\count299
)
LaTeX Info: Redefining \ref on input line 77.
LaTeX Info: Redefining \pageref on input line 77.
LaTeX Info: Redefining \nameref on input line 77.
 (sphinx.out) (sphinx.out)
\@outlinefile=\write5
\openout5 = `sphinx.out'.

Package hyperref Info: Option `pageanchor' set `false' on input line 80.
LaTeX Font Info:    Font shape `TU/THSarabunNew(0)/bx/n' will be
(Font)              scaled to size 34.60179pt on input line 80.
Font mapping `textext.tec' for font `TH Sarabun New Bold' not found.
LaTeX Font Info:    Try loading font information for U+msa on input line 80.

("C:\Users\sakul_bp6myy0\AppData\Local\Programs\MiKTeX 2.9\tex\latex\amsfonts\u
msa.fd"
File: umsa.fd 2013/01/14 v3.01 AMS symbols A
)
LaTeX Font Info:    Try loading font information for U+msb on input line 80.

("C:\Users\sakul_bp6myy0\AppData\Local\Programs\MiKTeX 2.9\tex\latex\amsfonts\u
msb.fd"
File: umsb.fd 2013/01/14 v3.01 AMS symbols B
)
LaTeX Font Info:    Font shape `TU/THSarabunNew(0)/bx/n' will be
(Font)              scaled to size 28.8441pt on input line 80.
Font mapping `textext.tec' for font `TH Sarabun New Bold' not found.

Overfull \hbox (51.54161pt too wide) in paragraph at lines 80--80
 [][]
 []

LaTeX Font Info:    Font shape `TU/THSarabunNew(0)/bx/n' will be
(Font)              scaled to size 20.02675pt on input line 80.
Font mapping `textext.tec' for font `TH Sarabun New Bold' not found.
[1

] [2


]
LaTeX Font Info:    Font shape `TU/THSarabunNew(0)/bx/n' will be
(Font)              scaled to size 24.0321pt on input line 82.
Font mapping `textext.tec' for font `TH Sarabun New Bold' not found.
 (sphinx.toc
LaTeX Font Info:    Font shape `TU/THSarabunNew(0)/bx/n' will be
(Font)              scaled to size 16.68896pt on input line 3.
Font mapping `textext.tec' for font `TH Sarabun New Bold' not found.

Underfull \hbox (badness 10000) in paragraph at lines 3--3
  [][][]\TU/THSarabunNew(0)/bx/n/12 
 \TU/TeXGyreTermes(0)/bx/n/12 (\TU/THSarabunNew(0)/bx/n/12 
 
 []

)
\tf@toc=\write6
\openout6 = `sphinx.toc'.

 [1

] [2

]
LaTeX Font Info:    Font shape `TU/THSarabunNew(0)/m/n' will be
(Font)              scaled to size 16.68896pt on input line 87.
Font mapping `textext.tec' for font `TH Sarabun New' not found.


Package Fancyhdr Warning: \headheight is too small (12.0pt): 
 Make it at least 14.66382pt.
 We now make it that large for the rest of the document.
 This may cause the page layout to be inconsistent, however.

[1] [2

]
 1.
LaTeX Font Info:    Try loading font information for OT1+pzc on input line 90.

("C:\Users\sakul_bp6myy0\AppData\Local\Programs\MiKTeX 2.9\tex\latex\psnfss\ot1
pzc.fd"
File: ot1pzc.fd 2001/06/04 font definitions for OT1/pzc.
)
LaTeX Font Info:    Font shape `OT1/pzc/m/n' in size <76> not available
(Font)              Font shape `OT1/pzc/mb/it' tried instead on input line 90.

Overfull \hbox (10.0pt too wide) in paragraph at lines 90--90
[][][][][][][][][]  
 []


Underfull \hbox (badness 10000) in paragraph at lines 115--116
[]\TU/THSarabunNew(0)/m/n/12  \TU/TeXG
yreTermes(0)/m/n/12 (PDF \TU/THSarabunNew(0)/m/n/12  \TU/TeXGyreTerm
es(0)/m/n/12 ) \TU/THSarabunNew(0)/m/n/12 
 []

[3]
Underfull \hbox (badness 7099) in paragraph at lines 142--144
[]\TU/THSarabunNew(0)/m/n/12  \TU/TeXGyreTermes(0)/m/n/12 .\TU/THSarabunNe
w(0)/m/n/12  \TU/TeXGyreTermes(0)/m/n/12 /\TU/THSarabunNew(0)/m/n/12  
\TU/TeXGyreTermes(0)/m/n/12 .\TU/THSarabunNew(0)/m/n/12  
\TU/TeXGyreTermes(0)/m/n/12 /\TU/THSarabunNew(0)/m/n/12 

 []


Underfull \hbox (badness 10000) in paragraph at lines 148--150
[]\TU/THSarabunNew(0)/m/n/12   
  
 []


Underfull \hbox (badness 10000) in paragraph at lines 165--167
\TU/THSarabunNew(0)/m/n/12 \TU/TeXGyreTermes(0)
/m/n/12 /\TU/THSarabunNew(0)/m/n/12 

 []

[4]
Underfull \hbox (badness 10000) in paragraph at lines 225--226
[]\TU/THSarabunNew(0)/m/n/12 
  
 []


Underfull \hbox (badness 10000) in paragraph at lines 275--277
[]\TU/THSarabunNew(0)/m/n/12 \TU/TeXGyreTermes(0)/m/n/12 /\TU/THSarabunNe
w(0)/m/n/12 \TU/TeXGyreTermes(0)/m/n/12 /\TU/THSarabunNew(0)/m/n/12 
\TU/TeXGyreTermes(0)/m/n/12 /\TU/THSarabunNew(0)/m/n/12 \TU/
TeXGyreTermes(0)/m/n/12 /\TU/THSarabunNew(0)/m/n/12 

 []


Underfull \hbox (badness 7759) in paragraph at lines 278--280
[]\TU/THSarabunNew(0)/m/n/12   \TU/TeX
GyreTermes(0)/m/n/12 /\TU/THSarabunNew(0)/m/n/12 \TU/TeXGyreTermes(0)/m/
n/12 /\TU/THSarabunNew(0)/m/n/12 \TU/TeXGyreTermes(0)/m/n/12 /\TU/
THSarabunNew(0)/m/n/12 
 []


Underfull \hbox (badness 10000) in paragraph at lines 284--286
[]\TU/THSarabunNew(0)/m/n/12   \TU/TeXGyreTermes(
0)/m/n/12 /\TU/THSarabunNew(0)/m/n/12 \TU/TeXGyreTermes(0)/m/n/12 /\TU/T
HSarabunNew(0)/m/n/12 \TU/TeXGyreTermes(0)/m/n/12 /\TU/THSarabunNe
w(0)/m/n/12 
 []

[5]
LaTeX Font Info:    Font shape `TU/THSarabunNew(0)/m/it' will be
(Font)              scaled to size 16.68896pt on input line 330.
Font mapping `textext.tec' for font `TH Sarabun New Italic' not found.

Underfull \hbox (badness 10000) in paragraph at lines 328--332
[]\TU/THSarabunNew(0)/m/n/12  
 \TU/THSarabunNew(0)/m/it/12  \TU/THSarabunNew(0)/m/n/12 

 []


Underfull \hbox (badness 10000) in paragraph at lines 357--358
[]\TU/THSarabunNew(0)/m/n/12  \TU/TeXGyreTermes(0)/m/n/12 (PD
F) \TU/THSarabunNew(0)/m/n/12 

 []

[6]
Underfull \hbox (badness 10000) in paragraph at lines 362--363
[]\TU/THSarabunNew(0)/m/n/12 
 
 []


Underfull \hbox (badness 10000) in paragraph at lines 376--378
[]\TU/THSarabunNew(0)/m/n/12 
\TU/TeXGyreTermes(0)/m/n/12 /\TU/THSarabunNew(0)/m/n/12  

 []


Underfull \hbox (badness 10000) in paragraph at lines 379--381
[]\TU/THSarabunNew(0)/m/n/12 
 []


Underfull \hbox (badness 10000) in paragraph at lines 382--385
[]\TU/THSarabunNew(0)/m/n/12 
\TU/TeXGyreTermes(0)/m/n/12 /\TU/THSarabunNew(0)/m/n/12  

 []


Underfull \hbox (badness 10000) in paragraph at lines 382--385
\TU/THSarabunNew(0)/m/n/12   \TU/TeXGyreTermes(0)/m/n/12 3 \TU/
THSarabunNew(0)/m/n/12  \TU/THSarabunNew(0)/m/it/12  \TU/THSarabunNe
w(0)/m/n/12 
 []


Underfull \hbox (badness 10000) in paragraph at lines 386--389
[]\TU/THSarabunNew(0)/m/n/12 
\TU/TeXGyreTermes(0)/m/n/12 /\TU/THSarabunNew(0)/m/n/12  

 []


Underfull \hbox (badness 10000) in paragraph at lines 386--389
\TU/THSarabunNew(0)/m/n/12   \TU/TeXGyreTermes(0)/m/n/12 4 \TU/
THSarabunNew(0)/m/n/12  \TU/THSarabunNew(0)/m/it/12  \TU/THSarabunNe
w(0)/m/n/12 
 []

[7]
Underfull \hbox (badness 7613) in paragraph at lines 419--421
[]\TU/THSarabunNew(0)/m/n/12 \TU/TeXGyreTermes(0)/m/n/12 /\TU/TH
SarabunNew(0)/m/n/12   
 
 []


Underfull \hbox (badness 7613) in paragraph at lines 422--424
[]\TU/THSarabunNew(0)/m/n/12 \TU/TeXGyreTermes(0)/m/n/12 /\TU/TH
SarabunNew(0)/m/n/12   
 
 []


Underfull \hbox (badness 7613) in paragraph at lines 425--427
[]\TU/THSarabunNew(0)/m/n/12 \TU/TeXGyreTermes(0)/m/n/12 /\TU/TH
SarabunNew(0)/m/n/12   
 
 []


Underfull \hbox (badness 7613) in paragraph at lines 428--430
[]\TU/THSarabunNew(0)/m/n/12 \TU/TeXGyreTermes(0)/m/n/12 /\TU/TH
SarabunNew(0)/m/n/12   
 
 []


Underfull \hbox (badness 7613) in paragraph at lines 431--433
[]\TU/THSarabunNew(0)/m/n/12 \TU/TeXGyreTermes(0)/m/n/12 /\TU/TH
SarabunNew(0)/m/n/12   
 
 []


Underfull \hbox (badness 10000) in paragraph at lines 443--444
\TU/THSarabunNew(0)/m/n/12 
 
 []

[8]
 2.

Overfull \hbox (10.0pt too wide) in paragraph at lines 451--451
[][][][][][][][][]  
 []


Underfull \hbox (badness 5189) in paragraph at lines 496--497
[]|\TU/THSarabunNew(0)/m/n/12  
 []


Underfull \hbox (badness 5189) in paragraph at lines 501--502
[]|\TU/THSarabunNew(0)/m/n/12  
 []

[9

] [10]
 3.

Overfull \hbox (10.0pt too wide) in paragraph at lines 573--573
[][][][][][][][][]  
 []


Underfull \hbox (badness 10000) in paragraph at lines 597--598
[]\TU/THSarabunNew(0)/bx/n/12  \TU/THSarabunNew(0)/m/n/12 
  
 []

[11

] [12]
 4.

Overfull \hbox (10.0pt too wide) in paragraph at lines 656--656
[][][][][][][][][]  
 []


Underfull \hbox (badness 10000) in paragraph at lines 665--666
[]\TU/THSarabunNew(0)/m/n/12 
 
 []

[13

]
Underfull \hbox (badness 10000) in paragraph at lines 711--712
[]\TU/THSarabunNew(0)/m/n/12 
 
 []


Underfull \hbox (badness 10000) in paragraph at lines 714--715
[]\TU/THSarabunNew(0)/m/n/12 

 []


Underfull \hbox (badness 10000) in paragraph at lines 725--726
[]\TU/THSarabunNew(0)/bx/n/12  \TU/THSarabunNew(0)/m/n/12 
  
 []


Underfull \hbox (badness 10000) in paragraph at lines 728--729
[]\TU/THSarabunNew(0)/m/n/12 

 []


Underfull \hbox (badness 10000) in paragraph at lines 734--735
[]\TU/THSarabunNew(0)/m/n/12 
 \TU/TeXGyreTermes(0)/m/n/12 /\TU/THSarabunNew(0)/m/n/12  

 []

[14] [15] [16

]
 5.

Overfull \hbox (10.0pt too wide) in paragraph at lines 774--774
[][][][][][][][][]  
 []


Underfull \hbox (badness 10000) in paragraph at lines 793--794
[]\TU/THSarabunNew(0)/m/n/12  \TU/TeXGyreTer
mes(0)/m/n/12 /\TU/THSarabunNew(0)/m/n/12  

 []


Underfull \hbox (badness 10000) in paragraph at lines 813--814
[]\TU/THSarabunNew(0)/m/n/12 
 
 []


Underfull \hbox (badness 10000) in paragraph at lines 818--819
\TU/THSarabunNew(0)/m/n/12  \TU/TeXGyreTe
rmes(0)/m/n/12 /\TU/THSarabunNew(0)/m/n/12  

 []

[17]
Underfull \hbox (badness 10000) in paragraph at lines 839--839
|[][]\TU/TeXGyreHeros(0)/bx/n/17.28 4.1 \TU/THSarabunNew(0)/bx/n/17.28 
\TU/TeXGyreHeros(0)/bx/n/17.28 /\TU/THSarabunNew(0)/bx/n/17.28 

 []


Underfull \hbox (badness 10000) in paragraph at lines 859--859
|[][]\TU/TeXGyreHeros(0)/bx/n/17.28 4.2 \TU/THSarabunNew(0)/bx/n/17.28 
\TU/TeXGyreHeros(0)/bx/n/17.28 /\TU/THSarabunNew(0)/bx/n/17
.28 
 []


Underfull \hbox (badness 10000) in paragraph at lines 871--871
|[][]\TU/TeXGyreHeros(0)/bx/n/17.28 4.3 \TU/THSarabunNew(0)/bx/n/17.28 
\TU/TeXGyreHeros(0)/bx/n/17.28 /\TU/THSarabunNew(0)/bx/n/17.28 

 []

[18]
Underfull \hbox (badness 10000) in paragraph at lines 883--883
|[][]\TU/TeXGyreHeros(0)/bx/n/17.28 4.4 \TU/THSarabunNew(0)/bx/n/17.28 
\TU/TeXGyreHeros(0)/bx/n/17.28 /\TU/THSarabunNew(0)/bx/n/17
.28 
 []


Underfull \hbox (badness 10000) in paragraph at lines 895--895
|[][]\TU/TeXGyreHeros(0)/bx/n/17.28 4.5 \TU/THSarabunNew(0)/bx/n/17.28 
\TU/TeXGyreHeros(0)/bx/n/17.28 /\TU/THSarabunNew(0)/bx/n/17.28 

 []

[19] [20

]
 6.

Overfull \hbox (10.0pt too wide) in paragraph at lines 907--907
[][][][][][][][][]  
 []

[21] [22]
 7.

Overfull \hbox (10.0pt too wide) in paragraph at lines 982--982
[][][][][][][][][]  
 []

[23

] [24

]
 8.

Overfull \hbox (10.0pt too wide) in paragraph at lines 1047--1047
[][][][][][][][][]  
 []

[25] [26

]
 9.

Overfull \hbox (10.0pt too wide) in paragraph at lines 1061--1061
[][][][][][][][][]  
 []

No file sphinx.ind.
Package atveryend Info: Empty hook `BeforeClearDocument' on input line 1076.
[27]
Package atveryend Info: Empty hook `AfterLastShipout' on input line 1076.
 (sphinx.aux)
Package atveryend Info: Empty hook `AtVeryEndDocument' on input line 1076.
Package atveryend Info: Executing hook `AtEndAfterFileList' on input line 1076.

Package rerunfilecheck Info: File `sphinx.out' has not changed.
(rerunfilecheck)             Checksum: B37A87345ACE7284DA860A7BD88DE619.
 ) 
Here is how much of TeX's memory you used:
 28178 strings out of 427796
 521043 string characters out of 3146288
 661737 words of memory out of 3000000
 31813 multiletter control sequences out of 15000+200000
 544252 words of font info for 130 fonts, out of 3000000 for 9000
 1329 hyphenation exceptions out of 8191
 53i,11n,118p,837b,2154s stack positions out of 5000i,500n,10000p,200000b,50000s

Output written on sphinx.pdf (31 pages).
